<?xml version="1.0" encoding="UTF-8"?>
<testsuite name="TestNamedArguments" tests="1" skipped="0" failures="0" errors="0" timestamp="2022-06-27T03:47:09" hostname="MacBook-Pro-2.lexicondigital.com.au" time="0.014">
  <properties/>
  <testcase name="testJoinToString" classname="TestNamedArguments" time="0.014"/>
  <system-out><![CDATA[]]></system-out>
  <system-err><![CDATA[]]></system-err>
</testsuite>
