<?xml version="1.0" encoding="UTF-8"?>
<testsuite name="Test" tests="1" skipped="0" failures="0" errors="0" timestamp="2022-06-27T22:26:10" hostname="MacBook-Pro-2.lexicondigital.com.au" time="0.002">
  <properties/>
  <testcase name="testSolution" classname="Test" time="0.002"/>
  <system-out><![CDATA[]]></system-out>
  <system-err><![CDATA[]]></system-err>
</testsuite>
